<?xml version="1.0" encoding="UTF-8"?>
<!-- Generated by org.testng.reporters.JUnitReportReporter -->
<testsuite hostname="DESKTOP-9HGC1HN" failures="0" tests="1" name="WebTableConcepts.WebTableConcepts" time="17.534" errors="0" timestamp="2024-05-23T15:50:26 CDT" skipped="0">
  <testcase classname="WebTableConcepts.WebTableConcepts" name="VerifyTable" time="17.534"/>
</testsuite> <!-- WebTableConcepts.WebTableConcepts -->
